2025-08-16T17:29:52.647Z [ERROR]: API call error: Error: Request failed after 4 retries: TypeError: fetch failed (Cause: AggregateError)
2025-08-16T17:30:48.352Z [ERROR]: No test files found for path: tests/test_1.yaml
2025-08-16T17:33:37.341Z [ERROR]: No test files found for path: tests/test_1.yaml
2025-08-16T17:35:27.241Z [ERROR]: API call error: Error: Request failed after 4 retries: TypeError: fetch failed (Cause: AggregateError)
2025-08-16T17:47:28.243Z [ERROR]: API call error: Error: Request failed after 4 retries: TypeError: fetch failed (Cause: AggregateError)
2025-08-16T19:32:16.503Z [ERROR]: No test files found for path: test/test_2.yaml
